build/app/outputs/mapping/release/mapping.txt
# compiler: R8
# compiler_version: 1.5.64
# min_api: 21
# pg_map_id: f271d30
...
com.google.android.gms.tasks.zze -> b.a.a.a.h.m:
    com.google.android.gms.tasks.zzu zzf -> c
    java.util.concurrent.Executor zzd -> a
    com.google.android.gms.tasks.Continuation zze -> b
    void onCanceled() -> a
    void onComplete(com.google.android.gms.tasks.Task) -> a
    void onFailure(java.lang.Exception) -> a
    void onSuccess(java.lang.Object) -> a
    com.google.android.gms.tasks.Continuation zza(com.google.android.gms.tasks.zze) -> a
    com.google.android.gms.tasks.zzu zzb(com.google.android.gms.tasks.zze) -> b
com.google.android.gms.tasks.zzf -> b.a.a.a.h.n:
    com.google.android.gms.tasks.zze zzi -> b
    com.google.android.gms.tasks.Task zzg -> a
com.google.android.gms.tasks.zzg -> b.a.a.a.h.o:
    java.util.concurrent.Executor zzd -> a
    java.lang.Object mLock -> b
    com.google.android.gms.tasks.OnCanceledListener zzj -> c
    void onComplete(com.google.android.gms.tasks.Task) -> a
    java.lang.Object zza(com.google.android.gms.tasks.zzg) -> a
    com.google.android.gms.tasks.OnCanceledListener zzb(com.google.android.gms.tasks.zzg) -> b
com.google.android.gms.tasks.zzh -> b.a.a.a.h.p:
    com.google.android.gms.tasks.zzg zzk -> a
com.google.android.gms.tasks.zzi -> b.a.a.a.h.q:
    java.util.concurrent.Executor zzd -> a
    java.lang.Object mLock -> b
    com.google.android.gms.tasks.OnCompleteListener zzl -> c
    void onComplete(com.google.android.gms.tasks.Task) -> a
    java.lang.Object zza(com.google.android.gms.tasks.zzi) -> a
    com.google.android.gms.tasks.OnCompleteListener zzb(com.google.android.gms.tasks.zzi) -> b
com.google.android.gms.tasks.zzj -> b.a.a.a.h.r:
    com.google.android.gms.tasks.zzi zzm -> b
    com.google.android.gms.tasks.Task zzg -> a
com.google.android.gms.tasks.zzk -> b.a.a.a.h.s:
    java.util.concurrent.Executor zzd -> a
    com.google.android.gms.tasks.OnFailureListener zzn -> c
    java.lang.Object mLock -> b
    void onComplete(com.google.android.gms.tasks.Task) -> a
    java.lang.Object zza(com.google.android.gms.tasks.zzk) -> a
    com.google.android.gms.tasks.OnFailureListener zzb(com.google.android.gms.tasks.zzk) -> b
com.google.android.gms.tasks.zzl -> b.a.a.a.h.t:
    com.google.android.gms.tasks.Task zzg -> a
    com.google.android.gms.tasks.zzk zzo -> b
com.google.android.gms.tasks.zzm -> b.a.a.a.h.u:
    java.util.concurrent.Executor zzd -> a
    java.lang.Object mLock -> b
    com.google.android.gms.tasks.OnSuccessListener zzp -> c
    void onComplete(com.google.android.gms.tasks.Task) -> a
    java.lang.Object zza(com.google.android.gms.tasks.zzm) -> a
    com.google.android.gms.tasks.OnSuccessListener zzb(com.google.android.gms.tasks.zzm) -> b
com.google.android.gms.tasks.zzn -> b.a.a.a.h.v:
    com.google.android.gms.tasks.zzm zzq -> b
    com.google.android.gms.tasks.Task zzg -> a
com.google.android.gms.tasks.zzq -> b.a.a.a.h.w:
    void onComplete(com.google.android.gms.tasks.Task) -> a
com.google.android.gms.tasks.zzr -> b.a.a.a.h.x:
    java.util.Queue zzt -> b
    java.lang.Object mLock -> a
    boolean zzu -> c
    void zza(com.google.android.gms.tasks.Task) -> a
    void zza(com.google.android.gms.tasks.zzq) -> a
com.google.android.gms.tasks.zzt -> b.a.a.a.h.y: